<?xml version="1.0" encoding="UTF-8" ?>
<testsuite tests="4" failures="0" name="src.main.controller.Test" time="0.246" errors="0" skipped="0">
  <properties>
[...]
</properties>
  <testcase classname="src.main.controller.Test" name="ojdbcTest" time="0.028"/>
  <testcase classname="src.main.controller.Test" name="connDB" time="0.213"/>
  <testcase classname="src.main.controller.Test" name="hikariCpTest" time="0"/>
  <testcase classname="src.main.controller.Test" name="mapperTest" time="0.005"/>
</testsuite>